[2024-03-12 21:51:31,640: INFO: main: Welcome to custom log]
[2024-03-13 00:16:46,863: INFO: common: yaml file: config/config.yaml loaded successfully]
[2024-03-13 00:16:46,865: INFO: common: yaml file: params.yaml loaded successfully]
[2024-03-13 00:16:46,866: INFO: common: created directory at: artifacts]
[2024-03-13 00:16:46,867: INFO: common: created directory at: artifacts/data_ingestion]
[2024-03-13 00:17:32,523: INFO: common: yaml file: config/config.yaml loaded successfully]
[2024-03-13 00:17:32,526: INFO: common: yaml file: params.yaml loaded successfully]
[2024-03-13 00:17:32,527: INFO: common: created directory at: artifacts]
[2024-03-13 00:17:32,528: INFO: common: created directory at: artifacts/data_ingestion]
[2024-03-13 00:17:32,529: INFO: 289517364: Downloading data from https://drive.google.com/file/d/1uaj1QQz-nBTJ6XHItMeaPzFNGrBbkFr4/view?usp=drive_link into file artifacts/data_ingestion/data.zip]
[2024-03-13 00:17:55,882: INFO: 289517364: Downloaded data from https://drive.google.com/file/d/1uaj1QQz-nBTJ6XHItMeaPzFNGrBbkFr4/view?usp=drive_link into file artifacts/data_ingestion/data.zip]
[2024-03-13 00:32:33,842: INFO: main: >>>>>>> stage Data Ingestion Stage started <<<<<<<<]
[2024-03-13 00:32:33,844: INFO: common: yaml file: config/config.yaml loaded successfully]
[2024-03-13 00:32:33,844: INFO: common: yaml file: params.yaml loaded successfully]
[2024-03-13 00:32:33,844: INFO: common: created directory at: artifacts]
[2024-03-13 00:32:33,844: INFO: common: created directory at: artifacts/data_ingestion]
[2024-03-13 00:32:33,844: INFO: data_ingestion: Downloading data from https://drive.google.com/file/d/1uaj1QQz-nBTJ6XHItMeaPzFNGrBbkFr4/view?usp=drive_link into file artifacts/data_ingestion/data.zip]
[2024-03-13 00:32:58,121: INFO: data_ingestion: Downloaded data from https://drive.google.com/file/d/1uaj1QQz-nBTJ6XHItMeaPzFNGrBbkFr4/view?usp=drive_link into file artifacts/data_ingestion/data.zip]
[2024-03-13 00:33:05,395: INFO: main: >>>>>>> stage Data Ingestion Stage completed <<<<<<<<]
[2024-03-13 01:29:59,433: INFO: common: yaml file: config/config.yaml loaded successfully]
[2024-03-13 01:29:59,439: INFO: common: yaml file: params.yaml loaded successfully]
[2024-03-13 01:33:32,824: INFO: common: yaml file: config/config.yaml loaded successfully]
[2024-03-13 01:33:32,828: INFO: common: yaml file: params.yaml loaded successfully]
[2024-03-13 01:33:49,326: INFO: common: yaml file: config/config.yaml loaded successfully]
[2024-03-13 01:33:49,327: INFO: common: yaml file: params.yaml loaded successfully]
[2024-03-13 01:50:52,959: INFO: common: yaml file: config/config.yaml loaded successfully]
[2024-03-13 01:50:52,962: INFO: common: yaml file: params.yaml loaded successfully]
[2024-03-13 01:50:52,962: INFO: common: created directory at: artifacts]
[2024-03-13 01:50:52,963: INFO: common: created directory at: artifacts/prepare_base_model]
[2024-03-13 01:50:55,447: WARNING: saving_utils: Compiled the loaded model, but the compiled metrics have yet to be built. `model.compile_metrics` will be empty until you train or evaluate the model.]
[2024-03-13 01:50:55,589: WARNING: optimizer: At this time, the v2.11+ optimizer `tf.keras.optimizers.SGD` runs slowly on M1/M2 Macs, please use the legacy Keras optimizer instead, located at `tf.keras.optimizers.legacy.SGD`.]
[2024-03-13 01:50:55,591: WARNING: __init__: There is a known slowdown when using v2.11+ Keras optimizers on M1/M2 Macs. Falling back to the legacy Keras optimizer, i.e., `tf.keras.optimizers.legacy.SGD`.]
[2024-03-13 02:05:01,102: INFO: main: >>>>>>> stage Data Ingestion Stage started <<<<<<<<]
[2024-03-13 02:05:01,104: INFO: common: yaml file: config/config.yaml loaded successfully]
[2024-03-13 02:05:01,104: INFO: common: yaml file: params.yaml loaded successfully]
[2024-03-13 02:05:01,105: INFO: common: created directory at: artifacts]
[2024-03-13 02:05:01,105: INFO: common: created directory at: artifacts/data_ingestion]
[2024-03-13 02:05:01,105: INFO: data_ingestion: Downloading data from https://drive.google.com/file/d/1uaj1QQz-nBTJ6XHItMeaPzFNGrBbkFr4/view?usp=drive_link into file artifacts/data_ingestion/data.zip]
[2024-03-13 02:05:23,876: INFO: data_ingestion: Downloaded data from https://drive.google.com/file/d/1uaj1QQz-nBTJ6XHItMeaPzFNGrBbkFr4/view?usp=drive_link into file artifacts/data_ingestion/data.zip]
[2024-03-13 02:05:33,811: INFO: main: >>>>>>> stage Data Ingestion Stage completed <<<<<<<<]
[2024-03-13 02:05:33,812: INFO: main: >>>>>>> stage Prepare Base Model Stage started <<<<<<<<]
[2024-03-13 02:05:33,813: INFO: common: yaml file: config/config.yaml loaded successfully]
[2024-03-13 02:05:33,814: INFO: common: yaml file: params.yaml loaded successfully]
[2024-03-13 02:05:33,814: INFO: common: created directory at: artifacts]
[2024-03-13 02:05:33,814: INFO: common: created directory at: artifacts/prepare_base_model]
[2024-03-13 02:05:34,089: WARNING: saving_utils: Compiled the loaded model, but the compiled metrics have yet to be built. `model.compile_metrics` will be empty until you train or evaluate the model.]
[2024-03-13 02:05:34,231: WARNING: optimizer: At this time, the v2.11+ optimizer `tf.keras.optimizers.SGD` runs slowly on M1/M2 Macs, please use the legacy Keras optimizer instead, located at `tf.keras.optimizers.legacy.SGD`.]
[2024-03-13 02:05:34,232: WARNING: __init__: There is a known slowdown when using v2.11+ Keras optimizers on M1/M2 Macs. Falling back to the legacy Keras optimizer, i.e., `tf.keras.optimizers.legacy.SGD`.]
[2024-03-13 02:05:34,340: INFO: main: >>>>>>> stage Prepare Base Model Stage completed <<<<<<<<]
